# JRE version: Java(TM) SE Runtime Environment (8.0_201-b09) (build 1.8.0_201-b09)
# Java VM: Java HotSpot(TM) 64-Bit Server VM (25.201-b09 mixed mode windows-amd64 compressed oops)
Heap:
 PSYoungGen      total 266240K, used 106703K [0x00000000eb800000, 0x0000000100000000, 0x0000000100000000)
  eden space 253952K, 42% used [0x00000000eb800000,0x00000000f2033d78,0x00000000fb000000)
  from space 12288K, 0% used [0x00000000fb000000,0x00000000fb000000,0x00000000fbc00000)
  to   space 15872K, 14% used [0x00000000ff080000,0x00000000ff2b0788,0x0000000100000000)
 ParOldGen       total 67584K, used 28479K [0x00000000c2800000, 0x00000000c6a00000, 0x00000000eb800000)
  object space 67584K, 42% used [0x00000000c2800000,0x00000000c43cfc00,0x00000000c6a00000)
 Metaspace       used 60804K, capacity 64352K, committed 64552K, reserved 1105920K
  class space    used 8014K, capacity 8627K, committed 8752K, reserved 1048576K
GC Heap History (10 events):
Event: 8.560 GC heap after
Heap after GC invocations=12 (full 1):
 PSYoungGen      total 189952K, used 5964K [0x00000000eb800000, 0x00000000fc800000, 0x0000000100000000)
  eden space 180224K, 0% used [0x00000000eb800000,0x00000000eb800000,0x00000000f6800000)
  from space 9728K, 61% used [0x00000000f6800000,0x00000000f6dd3148,0x00000000f7180000)
  to   space 9728K, 0% used [0x00000000fbe80000,0x00000000fbe80000,0x00000000fc800000)
 ParOldGen       total 28160K, used 14614K [0x00000000c2800000, 0x00000000c4380000, 0x00000000eb800000)
  object space 28160K, 51% used [0x00000000c2800000,0x00000000c3645b90,0x00000000c4380000)
 Metaspace       used 33384K, capacity 35426K, committed 35496K, reserved 1079296K
  class space    used 4347K, capacity 4735K, committed 4784K, reserved 1048576K
}
Event: 8.560 GC heap before
{Heap before GC invocations=13 (full 2):
 PSYoungGen      total 189952K, used 5964K [0x00000000eb800000, 0x00000000fc800000, 0x0000000100000000)
  eden space 180224K, 0% used [0x00000000eb800000,0x00000000eb800000,0x00000000f6800000)
  from space 9728K, 61% used [0x00000000f6800000,0x00000000f6dd3148,0x00000000f7180000)
  to   space 9728K, 0% used [0x00000000fbe80000,0x00000000fbe80000,0x00000000fc800000)
 ParOldGen       total 28160K, used 14614K [0x00000000c2800000, 0x00000000c4380000, 0x00000000eb800000)
  object space 28160K, 51% used [0x00000000c2800000,0x00000000c3645b90,0x00000000c4380000)
 Metaspace       used 33384K, capacity 35426K, committed 35496K, reserved 1079296K
  class space    used 4347K, capacity 4735K, committed 4784K, reserved 1048576K
Event: 8.712 GC heap after
Heap after GC invocations=13 (full 2):
 PSYoungGen      total 189952K, used 0K [0x00000000eb800000, 0x00000000fc800000, 0x0000000100000000)
  eden space 180224K, 0% used [0x00000000eb800000,0x00000000eb800000,0x00000000f6800000)
  from space 9728K, 0% used [0x00000000f6800000,0x00000000f6800000,0x00000000f7180000)
  to   space 9728K, 0% used [0x00000000fbe80000,0x00000000fbe80000,0x00000000fc800000)
 ParOldGen       total 47104K, used 16180K [0x00000000c2800000, 0x00000000c5600000, 0x00000000eb800000)
  object space 47104K, 34% used [0x00000000c2800000,0x00000000c37cd1a0,0x00000000c5600000)
 Metaspace       used 33384K, capacity 35426K, committed 35496K, reserved 1079296K
  class space    used 4347K, capacity 4735K, committed 4784K, reserved 1048576K
}
Event: 10.425 GC heap before
{Heap before GC invocations=14 (full 2):
 PSYoungGen      total 189952K, used 180224K [0x00000000eb800000, 0x00000000fc800000, 0x0000000100000000)
  eden space 180224K, 100% used [0x00000000eb800000,0x00000000f6800000,0x00000000f6800000)
  from space 9728K, 0% used [0x00000000f6800000,0x00000000f6800000,0x00000000f7180000)
  to   space 9728K, 0% used [0x00000000fbe80000,0x00000000fbe80000,0x00000000fc800000)
 ParOldGen       total 47104K, used 16180K [0x00000000c2800000, 0x00000000c5600000, 0x00000000eb800000)
  object space 47104K, 34% used [0x00000000c2800000,0x00000000c37cd1a0,0x00000000c5600000)
 Metaspace       used 44072K, capacity 46796K, committed 46888K, reserved 1089536K
  class space    used 5910K, capacity 6389K, committed 6448K, reserved 1048576K
Event: 10.453 GC heap after
Heap after GC invocations=14 (full 2):
 PSYoungGen      total 254976K, used 9725K [0x00000000eb800000, 0x00000000fc800000, 0x0000000100000000)
  eden space 245248K, 0% used [0x00000000eb800000,0x00000000eb800000,0x00000000fa780000)
  from space 9728K, 99% used [0x00000000fbe80000,0x00000000fc7ff578,0x00000000fc800000)
  to   space 12288K, 0% used [0x00000000fb000000,0x00000000fb000000,0x00000000fbc00000)
 ParOldGen       total 47104K, used 19662K [0x00000000c2800000, 0x00000000c5600000, 0x00000000eb800000)
  object space 47104K, 41% used [0x00000000c2800000,0x00000000c3b338d0,0x00000000c5600000)
 Metaspace       used 44072K, capacity 46796K, committed 46888K, reserved 1089536K
  class space    used 5910K, capacity 6389K, committed 6448K, reserved 1048576K
}
Event: 62.168 GC heap before
{Heap before GC invocations=15 (full 2):
 PSYoungGen      total 254976K, used 233706K [0x00000000eb800000, 0x00000000fc800000, 0x0000000100000000)
  eden space 245248K, 91% used [0x00000000eb800000,0x00000000f92bb320,0x00000000fa780000)
  from space 9728K, 99% used [0x00000000fbe80000,0x00000000fc7ff578,0x00000000fc800000)
  to   space 12288K, 0% used [0x00000000fb000000,0x00000000fb000000,0x00000000fbc00000)
 ParOldGen       total 47104K, used 19662K [0x00000000c2800000, 0x00000000c5600000, 0x00000000eb800000)
  object space 47104K, 41% used [0x00000000c2800000,0x00000000c3b338d0,0x00000000c5600000)
 Metaspace       used 55677K, capacity 59078K, committed 59160K, reserved 1099776K
  class space    used 7486K, capacity 8094K, committed 8112K, reserved 1048576K
Event: 62.206 GC heap after
Heap after GC invocations=15 (full 2):
 PSYoungGen      total 266240K, used 12261K [0x00000000eb800000, 0x0000000100000000, 0x0000000100000000)
  eden space 253952K, 0% used [0x00000000eb800000,0x00000000eb800000,0x00000000fb000000)
  from space 12288K, 99% used [0x00000000fb000000,0x00000000fbbf9450,0x00000000fbc00000)
  to   space 15872K, 0% used [0x00000000ff080000,0x00000000ff080000,0x0000000100000000)
 ParOldGen       total 47104K, used 25457K [0x00000000c2800000, 0x00000000c5600000, 0x00000000eb800000)
  object space 47104K, 54% used [0x00000000c2800000,0x00000000c40dc700,0x00000000c5600000)
 Metaspace       used 55677K, capacity 59078K, committed 59160K, reserved 1099776K
  class space    used 7486K, capacity 8094K, committed 8112K, reserved 1048576K
}
Event: 62.206 GC heap before
{Heap before GC invocations=16 (full 3):
 PSYoungGen      total 266240K, used 12261K [0x00000000eb800000, 0x0000000100000000, 0x0000000100000000)
  eden space 253952K, 0% used [0x00000000eb800000,0x00000000eb800000,0x00000000fb000000)
  from space 12288K, 99% used [0x00000000fb000000,0x00000000fbbf9450,0x00000000fbc00000)
  to   space 15872K, 0% used [0x00000000ff080000,0x00000000ff080000,0x0000000100000000)
 ParOldGen       total 47104K, used 25457K [0x00000000c2800000, 0x00000000c5600000, 0x00000000eb800000)
  object space 47104K, 54% used [0x00000000c2800000,0x00000000c40dc700,0x00000000c5600000)
 Metaspace       used 55677K, capacity 59078K, committed 59160K, reserved 1099776K
  class space    used 7486K, capacity 8094K, committed 8112K, reserved 1048576K
Event: 62.490 GC heap after
Heap after GC invocations=16 (full 3):
 PSYoungGen      total 266240K, used 0K [0x00000000eb800000, 0x0000000100000000, 0x0000000100000000)
  eden space 253952K, 0% used [0x00000000eb800000,0x00000000eb800000,0x00000000fb000000)
  from space 12288K, 0% used [0x00000000fb000000,0x00000000fb000000,0x00000000fbc00000)
  to   space 15872K, 0% used [0x00000000ff080000,0x00000000ff080000,0x0000000100000000)
 ParOldGen       total 67584K, used 28471K [0x00000000c2800000, 0x00000000c6a00000, 0x00000000eb800000)
  object space 67584K, 42% used [0x00000000c2800000,0x00000000c43cdc00,0x00000000c6a00000)
 Metaspace       used 55677K, capacity 59078K, committed 59160K, reserved 1099776K
  class space    used 7486K, capacity 8094K, committed 8112K, reserved 1048576K
}
Event: 163.176 GC heap before
{Heap before GC invocations=17 (full 3):
 PSYoungGen      total 266240K, used 106703K [0x00000000eb800000, 0x0000000100000000, 0x0000000100000000)
  eden space 253952K, 42% used [0x00000000eb800000,0x00000000f2033d78,0x00000000fb000000)
  from space 12288K, 0% used [0x00000000fb000000,0x00000000fb000000,0x00000000fbc00000)
  to   space 15872K, 0% used [0x00000000ff080000,0x00000000ff080000,0x0000000100000000)
 ParOldGen       total 67584K, used 28471K [0x00000000c2800000, 0x00000000c6a00000, 0x00000000eb800000)
  object space 67584K, 42% used [0x00000000c2800000,0x00000000c43cdc00,0x00000000c6a00000)
 Metaspace       used 60804K, capacity 64352K, committed 64552K, reserved 1105920K
  class space    used 8014K, capacity 8627K, committed 8752K, reserved 1048576K

